Using pre-set license
Built from '2020.3/staging' branch; Version is '2020.3.16f1 (049d6eca3c44) revision 302446'; Using compiler version '192528614'; Build Type 'Release'
OS: 'Windows 10 Home; OS build 22000.184; Version 2009; 64bit' Language: 'en' Physical Memory: 11712 MB
BatchMode: 1, IsHumanControllingUs: 0, StartBugReporterOnCrash: 0, Is64bit: 1, IsPro: 0

 COMMAND LINE ARGUMENTS:
C:\Program Files\Unity\Hub\Editor\2020.3.16f1\Editor\Unity.exe
-adb2
-batchMode
-noUpm
-name
AssetImportWorker0
-projectPath
F:/Bintang/Brawijaya/Agate/Course Project/Survival_Shooter
-logFile
Logs/AssetImportWorker0.log
-srvPort
54597
Successfully changed project path to: F:/Bintang/Brawijaya/Agate/Course Project/Survival_Shooter
F:/Bintang/Brawijaya/Agate/Course Project/Survival_Shooter
Using Asset Import Pipeline V2.
Refreshing native plugins compatible for Editor in 10.30 ms, found 0 plugins.
Preloading 0 native plugins for Editor in 0.00 ms.
Initialize engine version: 2020.3.16f1 (049d6eca3c44)
[Subsystems] Discovering subsystems at path C:/Program Files/Unity/Hub/Editor/2020.3.16f1/Editor/Data/Resources/UnitySubsystems
[Subsystems] Discovering subsystems at path F:/Bintang/Brawijaya/Agate/Course Project/Survival_Shooter/Assets
GfxDevice: creating device client; threaded=0
Direct3D:
    Version:  Direct3D 11.0 [level 11.1]
    Renderer: NVIDIA GeForce GTX 1650 (ID=0x1f91)
    Vendor:   
    VRAM:     3962 MB
    Driver:   30.0.14.7196
Initialize mono
Mono path[0] = 'C:/Program Files/Unity/Hub/Editor/2020.3.16f1/Editor/Data/Managed'
Mono path[1] = 'C:/Program Files/Unity/Hub/Editor/2020.3.16f1/Editor/Data/MonoBleedingEdge/lib/mono/unityjit'
Mono config path = 'C:/Program Files/Unity/Hub/Editor/2020.3.16f1/Editor/Data/MonoBleedingEdge/etc'
Using monoOptions --debugger-agent=transport=dt_socket,embedding=1,server=y,suspend=n,address=127.0.0.1:56444
Begin MonoManager ReloadAssembly
Registering precompiled unity dll's ...
Register platform support module: C:/Program Files/Unity/Hub/Editor/2020.3.16f1/Editor/Data/PlaybackEngines/WindowsStandaloneSupport/UnityEditor.WindowsStandalone.Extensions.dll
Registered in 0.005500 seconds.
Native extension for WindowsStandalone target not found
Refreshing native plugins compatible for Editor in 5.73 ms, found 0 plugins.
Preloading 0 native plugins for Editor in 0.00 ms.
Mono: successfully reloaded assembly
- Completed reload, in  9.099 seconds
Domain Reload Profiling:
	ReloadAssembly (9099ms)
		BeginReloadAssembly (123ms)
			ExecutionOrderSort (0ms)
			DisableScriptedObjects (0ms)
			BackupInstance (0ms)
			ReleaseScriptingObjects (0ms)
			CreateAndSetChildDomain (1ms)
		EndReloadAssembly (1454ms)
			LoadAssemblies (127ms)
			RebuildTransferFunctionScriptingTraits (0ms)
			SetupTypeCache (530ms)
			ReleaseScriptCaches (0ms)
			RebuildScriptCaches (118ms)
			SetupLoadedEditorAssemblies (499ms)
				LogAssemblyErrors (0ms)
				InitializePlatformSupportModulesInManaged (14ms)
				SetLoadedEditorAssemblies (1ms)
				RefreshPlugins (6ms)
				BeforeProcessingInitializeOnLoad (75ms)
				ProcessInitializeOnLoadAttributes (270ms)
				ProcessInitializeOnLoadMethodAttributes (132ms)
				AfterProcessingInitializeOnLoad (0ms)
				EditorAssembliesLoaded (1ms)
			ExecutionOrderSort2 (0ms)
			AwakeInstancesAfterBackupRestoration (0ms)
Platform modules already initialized, skipping
Registering precompiled user dll's ...
Registered in 0.000085 seconds.
Begin MonoManager ReloadAssembly
Native extension for WindowsStandalone target not found
Refreshing native plugins compatible for Editor in 0.11 ms, found 0 plugins.
Preloading 0 native plugins for Editor in 0.00 ms.
Mono: successfully reloaded assembly
- Completed reload, in  2.518 seconds
Domain Reload Profiling:
	ReloadAssembly (2519ms)
		BeginReloadAssembly (521ms)
			ExecutionOrderSort (0ms)
			DisableScriptedObjects (17ms)
			BackupInstance (0ms)
			ReleaseScriptingObjects (0ms)
			CreateAndSetChildDomain (55ms)
		EndReloadAssembly (1779ms)
			LoadAssemblies (190ms)
			RebuildTransferFunctionScriptingTraits (0ms)
			SetupTypeCache (524ms)
			ReleaseScriptCaches (0ms)
			RebuildScriptCaches (85ms)
			SetupLoadedEditorAssemblies (668ms)
				LogAssemblyErrors (0ms)
				InitializePlatformSupportModulesInManaged (23ms)
				SetLoadedEditorAssemblies (2ms)
				RefreshPlugins (0ms)
				BeforeProcessingInitializeOnLoad (283ms)
				ProcessInitializeOnLoadAttributes (322ms)
				ProcessInitializeOnLoadMethodAttributes (13ms)
				AfterProcessingInitializeOnLoad (24ms)
				EditorAssembliesLoaded (1ms)
			ExecutionOrderSort2 (0ms)
			AwakeInstancesAfterBackupRestoration (26ms)
Platform modules already initialized, skipping
========================================================================
Worker process is ready to serve import requests
Launched and connected shader compiler UnityShaderCompiler.exe after 0.19 seconds
Refreshing native plugins compatible for Editor in 0.10 ms, found 0 plugins.
Preloading 0 native plugins for Editor in 0.00 ms.
Unloading 39 Unused Serialized files (Serialized files now loaded: 0)
System memory in use before: 25.1 MB.
System memory in use after: 25.0 MB.

Unloading 2 unused Assets to reduce memory usage. Loaded Objects now: 478.
Total: 5.641100 ms (FindLiveObjects: 0.093400 ms CreateObjectMapping: 0.009900 ms MarkObjects: 5.386700 ms  DeleteObjects: 0.147700 ms)

AssetImportParameters requested are different than current active one (requested -> active):
  custom:framework-win-MediaFoundation: 216162199b28c13a410421893ffa2e32 -> 
  custom:video-decoder-ogg-theora: a1e56fd34408186e4bbccfd4996cb3dc -> 
  custom:container-muxer-webm: aa71ff27fc2769a1b78a27578f13a17b -> 
  custom:container-demuxer-webm: 4f35f7cbe854078d1ac9338744f61a02 -> 
  custom:container-demuxer-ogg: 62fdf1f143b41e24485cea50d1cbac27 -> 
  custom:video-encoder-webm-vp8: eb34c28f22e8b96e1ab97ce403110664 -> 
  custom:video-codec-MediaFoundation-h265: 746d11721c4dcdbdad8f713fa42b33f4 -> 
  custom:video-decoder-webm-vp8: 9c59270c3fd7afecdb556c50c9e8de78 -> 
  custom:audio-decoder-ogg-vorbis: bf7c407c2cedff20999df2af8eb42d56 -> 
  custom:audio-encoder-webm-vorbis: bf7c407c2cedff20999df2af8eb42d56 -> 
========================================================================
Received Import Request.
  path: Assets/_Complete-Game/Prefabs/Hellephant.prefab
  artifactKey: Guid(548c56f4bcf4db24b8aa057e9846a005) Importer(815301076,1909f56bfc062723c751e8b465ee728b)
Start importing Assets/_Complete-Game/Prefabs/Hellephant.prefab using Guid(548c56f4bcf4db24b8aa057e9846a005) Importer(815301076,1909f56bfc062723c751e8b465ee728b)  -> (artifact id: '22b3652ac3cb680bc7dbe0e00c7fcf62') in 2.882309 seconds 
  Import took 2.885720 seconds .

========================================================================
Received Import Request.
  Time since last request: 0.000912 seconds.
  path: Assets/_Complete-Game/MobileInput/Textures/Joystick.png
  artifactKey: Guid(638fc845a025ad14380085a7c6b6c5e2) Importer(815301076,1909f56bfc062723c751e8b465ee728b)
Start importing Assets/_Complete-Game/MobileInput/Textures/Joystick.png using Guid(638fc845a025ad14380085a7c6b6c5e2) Importer(815301076,1909f56bfc062723c751e8b465ee728b)  -> (artifact id: 'a50c66140edaed1d6d6f65b591a0efa8') in 0.119410 seconds 
  Import took 0.162364 seconds .

========================================================================
Received Import Request.
  Time since last request: 0.000580 seconds.
  path: Assets/_Complete-Game/_Complete-Game/LightingData.asset
  artifactKey: Guid(5928175ff34494e439798bf4f7ed3596) Importer(815301076,1909f56bfc062723c751e8b465ee728b)
Start importing Assets/_Complete-Game/_Complete-Game/LightingData.asset using Guid(5928175ff34494e439798bf4f7ed3596) Importer(815301076,1909f56bfc062723c751e8b465ee728b)  -> (artifact id: '95e273daa5bb5c81d6d37d636597ad2b') in 0.186909 seconds 
  Import took 0.199252 seconds .

========================================================================
Received Import Request.
  Time since last request: 0.000520 seconds.
  path: Assets/_Complete-Game/_Complete-Game/ReflectionProbe-1.exr
  artifactKey: Guid(5cd332c5fe2654a9da0dd879da188cd8) Importer(815301076,1909f56bfc062723c751e8b465ee728b)
Start importing Assets/_Complete-Game/_Complete-Game/ReflectionProbe-1.exr using Guid(5cd332c5fe2654a9da0dd879da188cd8) Importer(815301076,1909f56bfc062723c751e8b465ee728b)  -> (artifact id: '9fd740fcce6a0efcf0060842fed38ef9') in 0.127099 seconds 
  Import took 0.146039 seconds .

========================================================================
Received Import Request.
  Time since last request: 0.000505 seconds.
  path: Assets/_Complete-Game/Prefabs/ZomBunny.prefab
  artifactKey: Guid(e5171f72421770240bd7c3989fe351e3) Importer(815301076,1909f56bfc062723c751e8b465ee728b)
Start importing Assets/_Complete-Game/Prefabs/ZomBunny.prefab using Guid(e5171f72421770240bd7c3989fe351e3) Importer(815301076,1909f56bfc062723c751e8b465ee728b)  -> (artifact id: 'fbbc260e8bdc469a50dba39511cf9fa1') in 0.081920 seconds 
  Import took 0.088990 seconds .

========================================================================
Received Import Request.
  Time since last request: 0.000505 seconds.
  path: Assets/_Complete-Game/_Complete-Game/ReflectionProbe-0.exr
  artifactKey: Guid(66f307a73cf254134b393be894fa7a18) Importer(815301076,1909f56bfc062723c751e8b465ee728b)
Start importing Assets/_Complete-Game/_Complete-Game/ReflectionProbe-0.exr using Guid(66f307a73cf254134b393be894fa7a18) Importer(815301076,1909f56bfc062723c751e8b465ee728b)  -> (artifact id: '4e7dfd9ac4694e55f4457cd73df9eeaf') in 0.029254 seconds 
  Import took 0.034634 seconds .

========================================================================
Received Import Request.
  Time since last request: 0.002393 seconds.
  path: Assets/_Complete-Game/Animation/HellephantAnimatorOverrideController.overrideController
  artifactKey: Guid(19b1058b58d5e314bb115a937b9bcf48) Importer(815301076,1909f56bfc062723c751e8b465ee728b)
Start importing Assets/_Complete-Game/Animation/HellephantAnimatorOverrideController.overrideController using Guid(19b1058b58d5e314bb115a937b9bcf48) Importer(815301076,1909f56bfc062723c751e8b465ee728b)  -> (artifact id: '55be53d0a0bb0d24f910d8c10b2caef7') in 0.021983 seconds 
  Import took 0.029193 seconds .

========================================================================
Received Import Request.
  Time since last request: 0.000487 seconds.
  path: Assets/_Complete-Game/_Complete-Game/NavMesh.asset
  artifactKey: Guid(2c4a56f13213e4b4bb884ad176031854) Importer(815301076,1909f56bfc062723c751e8b465ee728b)
Start importing Assets/_Complete-Game/_Complete-Game/NavMesh.asset using Guid(2c4a56f13213e4b4bb884ad176031854) Importer(815301076,1909f56bfc062723c751e8b465ee728b)  -> (artifact id: '2ad2d9622b5e0d9592e110ff1608f207') in 0.007921 seconds 
  Import took 0.011153 seconds .

========================================================================
Received Import Request.
  Time since last request: 0.000623 seconds.
  path: Assets/_Complete-Game/Prefabs/Player.prefab
  artifactKey: Guid(4e5a0d387dc27394b81600988ad0216f) Importer(815301076,1909f56bfc062723c751e8b465ee728b)
Start importing Assets/_Complete-Game/Prefabs/Player.prefab using Guid(4e5a0d387dc27394b81600988ad0216f) Importer(815301076,1909f56bfc062723c751e8b465ee728b)  -> (artifact id: '73e99dbabe34f2f94d7e14dc3ea09ffe') in 0.480083 seconds 
  Import took 0.482884 seconds .

========================================================================
Received Import Request.
  Time since last request: 0.000587 seconds.
  path: Assets/_Complete-Game/Prefabs/ZomBear.prefab
  artifactKey: Guid(ea3c2728ef33e3a4d99527a86cda6465) Importer(815301076,1909f56bfc062723c751e8b465ee728b)
Start importing Assets/_Complete-Game/Prefabs/ZomBear.prefab using Guid(ea3c2728ef33e3a4d99527a86cda6465) Importer(815301076,1909f56bfc062723c751e8b465ee728b)  -> (artifact id: '00000000000000000000000000000000') in 4.932405 seconds  code(4) message(Build asset version error: assets/_complete-game/prefabs/zombear.prefab in SourceAssetDB has modification time of '2018-12-12T16:29:31Z' while content on disk has modification time of '0001-01-01T00:00:00Z' with error code 2
Stacktrace:
0x00007ff65e1b0fbc (Unity) StackWalker::GetCurrentCallstack
0x00007ff65e1b9399 (Unity) StackWalker::ShowCallstack
0x00007ff65f6d4f8c (Unity) GetStacktrace
0x00007ff65f8b7d37 (Unity) GetAssetHashAndValidate
0x00007ff65f8b2f03 (Unity) AssetVersionBuilder::BuildHashOfSourceAssetArray
0x00007ff65f8b0e72 (Unity) AssetVersionBuilder::BuildAssetVersion
0x00007ff65f88b2dd (Unity) CreateAssetVersionBuilder
0x00007ff65f891fdd (Unity) ImportToObjects
0x00007ff65f890df8 (Unity) ImportAsset
0x00007ff65f7f2c68 (Unity) AssetImportWorker::Import
0x00007ff65f84679a (Unity) <lambda_dc1c196658351a6563374f191278d712>::operator()
0x00007ff65f8ea222 (Unity) asio::detail::completion_handler<core::mutable_function<void __cdecl(void)> >::do_complete
0x00007ff65f8ec380 (Unity) asio::detail::win_iocp_io_service::do_one
0x00007ff65f8efb0e (Unity) asio::io_service::run
0x00007ff65f872d4b (Unity) RunAssetImportWorkerClientV2
0x00007ff65f872da0 (Unity) RunAssetImporterV2
0x00007ff65ed3b1c6 (Unity) Application::InitializeProject
0x00007ff65f6e24f2 (Unity) WinMain
0x00007ff6615334b6 (Unity) __scrt_common_main_seh
0x00007ffbe5f354e0 (KERNEL32) BaseThreadInitThunk
0x00007ffbe770485b (ntdll) RtlUserThreadStart
)
  ERROR: Build asset version error: assets/_complete-game/prefabs/zombear.prefab in SourceAssetDB has modification time of '2018-12-12T16:29:31Z' while content on disk has modification time of '0001-01-01T00:00:00Z' with error code 2
Stacktrace:
0x00007ff65e1b0fbc (Unity) StackWalker::GetCurrentCallstack
0x00007ff65e1b9399 (Unity) StackWalker::ShowCallstack
0x00007ff65f6d4f8c (Unity) GetStacktrace
0x00007ff65f8b7d37 (Unity) GetAssetHashAndValidate
0x00007ff65f8b2f03 (Unity) AssetVersionBuilder::BuildHashOfSourceAssetArray
0x00007ff65f8b0e72 (Unity) AssetVersionBuilder::BuildAssetVersion
0x00007ff65f88b2dd (Unity) CreateAssetVersionBuilder
0x00007ff65f891fdd (Unity) ImportToObjects
0x00007ff65f890df8 (Unity) ImportAsset
0x00007ff65f7f2c68 (Unity) AssetImportWorker::Import
0x00007ff65f84679a (Unity) <lambda_dc1c196658351a6563374f191278d712>::operator()
0x00007ff65f8ea222 (Unity) asio::detail::completion_handler<core::mutable_function<void __cdecl(void)> >::do_complete
0x00007ff65f8ec380 (Unity) asio::detail::win_iocp_io_service::do_one
0x00007ff65f8efb0e (Unity) asio::io_service::run
0x00007ff65f872d4b (Unity) RunAssetImportWorkerClientV2
0x00007ff65f872da0 (Unity) RunAssetImporterV2
0x00007ff65ed3b1c6 (Unity) Application::InitializeProject
0x00007ff65f6e24f2 (Unity) WinMain
0x00007ff6615334b6 (Unity) __scrt_common_main_seh
0x00007ffbe5f354e0 (KERNEL32) BaseThreadInitThunk
0x00007ffbe770485b (ntdll) RtlUserThreadStart

  Import took 4.934663 seconds .

========================================================================
Received Import Request.
  Time since last request: 3.048084 seconds.
  path: Assets/Scripts/Enemy/EnemyAttack.cs
  artifactKey: Guid(e15099f5ee559584089d5851df572def) Importer(815301076,1909f56bfc062723c751e8b465ee728b)
Start importing Assets/Scripts/Enemy/EnemyAttack.cs using Guid(e15099f5ee559584089d5851df572def) Importer(815301076,1909f56bfc062723c751e8b465ee728b)  -> (artifact id: 'd0270450869462cb5d8d3cb463aa107a') in 0.014476 seconds 
  Import took 0.043773 seconds .

========================================================================
Received Import Request.
  Time since last request: 0.083823 seconds.
  path: Assets/Scripts/Enemy/EnemyAttack.cs
  artifactKey: Guid(e15099f5ee559584089d5851df572def) Importer(815301076,1909f56bfc062723c751e8b465ee728b)
Start importing Assets/Scripts/Enemy/EnemyAttack.cs using Guid(e15099f5ee559584089d5851df572def) Importer(815301076,1909f56bfc062723c751e8b465ee728b)  -> (artifact id: 'd0270450869462cb5d8d3cb463aa107a') in 0.005181 seconds 
  Import took 0.008097 seconds .

========================================================================
Received Import Request.
  Time since last request: 49.205408 seconds.
  path: Assets/Prefabs/Environment.prefab
  artifactKey: Guid(149d6dcc67e8d1240bbc0dd6ddf0c1bd) Importer(815301076,1909f56bfc062723c751e8b465ee728b)
Start importing Assets/Prefabs/Environment.prefab using Guid(149d6dcc67e8d1240bbc0dd6ddf0c1bd) Importer(815301076,1909f56bfc062723c751e8b465ee728b)  -> (artifact id: 'aa680581f94dc8933febcf48b7bd36e0') in 6.295365 seconds 
  Import took 6.317357 seconds .

========================================================================
Received Import Request.
  Time since last request: 0.000589 seconds.
  path: Assets/Prefabs/HitParticles.prefab
  artifactKey: Guid(ef39ae7291c751249b296f00bf6fb042) Importer(815301076,1909f56bfc062723c751e8b465ee728b)
Start importing Assets/Prefabs/HitParticles.prefab using Guid(ef39ae7291c751249b296f00bf6fb042) Importer(815301076,1909f56bfc062723c751e8b465ee728b)  -> (artifact id: 'ddfc708702f16b7442c0a4fb82f099a9') in 0.092218 seconds 
  Import took 0.125254 seconds .

========================================================================
Received Import Request.
  Time since last request: 0.000611 seconds.
  path: Assets/Prefabs/Hellephant.prefab
  artifactKey: Guid(f264ab47e25d0374ba89abced0b94b2a) Importer(815301076,1909f56bfc062723c751e8b465ee728b)
Start importing Assets/Prefabs/Hellephant.prefab using Guid(f264ab47e25d0374ba89abced0b94b2a) Importer(815301076,1909f56bfc062723c751e8b465ee728b)  -> (artifact id: '70646a56bf07a483efe899cda52d41f6') in 0.062191 seconds 
  Import took 0.091722 seconds .

========================================================================
Received Import Request.
  Time since last request: 0.000773 seconds.
  path: Assets/Prefabs/Lights.prefab
  artifactKey: Guid(ad67cddd729fb4342be2063a3f5ad7cc) Importer(815301076,1909f56bfc062723c751e8b465ee728b)
Start importing Assets/Prefabs/Lights.prefab using Guid(ad67cddd729fb4342be2063a3f5ad7cc) Importer(815301076,1909f56bfc062723c751e8b465ee728b)  -> (artifact id: 'c05ee62800db08993efa5cdc1c8f4fca') in 0.066412 seconds 
  Import took 0.068368 seconds .

========================================================================
Received Import Request.
  Time since last request: 0.000575 seconds.
  path: Assets/Prefabs/GunParticles.prefab
  artifactKey: Guid(0bd11145ced4539458f937fc4609544a) Importer(815301076,1909f56bfc062723c751e8b465ee728b)
Start importing Assets/Prefabs/GunParticles.prefab using Guid(0bd11145ced4539458f937fc4609544a) Importer(815301076,1909f56bfc062723c751e8b465ee728b)  -> (artifact id: 'cd5728e1315877d6dde0b3657ad7ce12') in 0.085058 seconds 
  Import took 0.090724 seconds .

========================================================================
Received Import Request.
  Time since last request: 0.000995 seconds.
  path: Assets/Prefabs/ZomBear.prefab
  artifactKey: Guid(3688f3f3f312c984fa78e00c09819e6c) Importer(815301076,1909f56bfc062723c751e8b465ee728b)
Start importing Assets/Prefabs/ZomBear.prefab using Guid(3688f3f3f312c984fa78e00c09819e6c) Importer(815301076,1909f56bfc062723c751e8b465ee728b)  -> (artifact id: '9a61668fb227fa63d63ddd9c635993c1') in 0.047420 seconds 
  Import took 0.052119 seconds .

========================================================================
Received Prepare
Registering precompiled user dll's ...
Registered in 0.000027 seconds.
Begin MonoManager ReloadAssembly
Native extension for WindowsStandalone target not found
Refreshing native plugins compatible for Editor in 0.06 ms, found 0 plugins.
Preloading 0 native plugins for Editor in 0.00 ms.
Mono: successfully reloaded assembly
- Completed reload, in  2.544 seconds
Domain Reload Profiling:
	ReloadAssembly (2546ms)
		BeginReloadAssembly (352ms)
			ExecutionOrderSort (0ms)
			DisableScriptedObjects (18ms)
			BackupInstance (0ms)
			ReleaseScriptingObjects (0ms)
			CreateAndSetChildDomain (68ms)
		EndReloadAssembly (1935ms)
			LoadAssemblies (260ms)
			RebuildTransferFunctionScriptingTraits (0ms)
			SetupTypeCache (537ms)
			ReleaseScriptCaches (1ms)
			RebuildScriptCaches (91ms)
			SetupLoadedEditorAssemblies (740ms)
				LogAssemblyErrors (0ms)
				InitializePlatformSupportModulesInManaged (21ms)
				SetLoadedEditorAssemblies (2ms)
				RefreshPlugins (0ms)
				BeforeProcessingInitializeOnLoad (321ms)
				ProcessInitializeOnLoadAttributes (354ms)
				ProcessInitializeOnLoadMethodAttributes (18ms)
				AfterProcessingInitializeOnLoad (24ms)
				EditorAssembliesLoaded (1ms)
			ExecutionOrderSort2 (0ms)
			AwakeInstancesAfterBackupRestoration (28ms)
Platform modules already initialized, skipping
Refreshing native plugins compatible for Editor in 0.08 ms, found 0 plugins.
Preloading 0 native plugins for Editor in 0.00 ms.
Unloading 3 Unused Serialized files (Serialized files now loaded: 0)
System memory in use before: 42.0 MB.
System memory in use after: 42.0 MB.

Unloading 31 unused Assets to reduce memory usage. Loaded Objects now: 486.
Total: 5.957900 ms (FindLiveObjects: 0.105000 ms CreateObjectMapping: 0.009700 ms MarkObjects: 5.683500 ms  DeleteObjects: 0.155300 ms)

AssetImportParameters requested are different than current active one (requested -> active):
  custom:framework-win-MediaFoundation: 216162199b28c13a410421893ffa2e32 -> 
  custom:video-decoder-ogg-theora: a1e56fd34408186e4bbccfd4996cb3dc -> 
  custom:container-muxer-webm: aa71ff27fc2769a1b78a27578f13a17b -> 
  custom:container-demuxer-webm: 4f35f7cbe854078d1ac9338744f61a02 -> 
  custom:container-demuxer-ogg: 62fdf1f143b41e24485cea50d1cbac27 -> 
  custom:video-encoder-webm-vp8: eb34c28f22e8b96e1ab97ce403110664 -> 
  custom:video-codec-MediaFoundation-h265: 746d11721c4dcdbdad8f713fa42b33f4 -> 
  custom:video-decoder-webm-vp8: 9c59270c3fd7afecdb556c50c9e8de78 -> 
  custom:audio-decoder-ogg-vorbis: bf7c407c2cedff20999df2af8eb42d56 -> 
  custom:audio-encoder-webm-vorbis: bf7c407c2cedff20999df2af8eb42d56 -> 
